2026-07-02 14:11:03 | INFO | Incident prediction experiment started
2026-07-02 14:11:03 | INFO | Run directory: experiments/part1_incident_prediction/runs/20260702_141103
2026-07-02 14:11:03 | INFO | Arguments: {'data_path': PosixPath('/home/lesaloon/Work/ESIEA_MACHINE_LEARNING_FINAL/data/processed/incident_dataset.csv'), 'test_start_date': '2026-03-01', 'n_iter': 2, 'cv_splits': 3, 'n_jobs': -1, 'max_train_rows': 5000}
2026-07-02 14:11:03 | INFO | Loading dataset from data/processed/incident_dataset.csv
2026-07-02 14:11:03 | INFO | Dataset shape: 74250 rows, 34 columns
2026-07-02 14:11:03 | INFO | Date range: 2026-01-01 -> 2026-03-16
2026-07-02 14:11:03 | INFO | Target positive rate: 0.0220
2026-07-02 14:11:03 | INFO | Missing values: 0
2026-07-02 14:11:03 | INFO | Duplicate rows: 0
2026-07-02 14:11:03 | INFO | Using only the latest 5000 training rows for faster experimentation
2026-07-02 14:11:03 | INFO | Temporal split: train < 2026-03-01, test >= 2026-03-01
2026-07-02 14:11:03 | INFO | Train shape: (5000, 34) | positive rate: 0.0288
2026-07-02 14:11:03 | INFO | Test shape: (15860, 34) | positive rate: 0.0120
2026-07-02 14:11:03 | INFO | Numeric features (25): ['cpu_cores', 'ram_gb', 'disk_tb', 'age_days', 'has_gpu', 'is_managed', 'cpu_util_pct', 'ram_util_pct', 'disk_util_pct', 'net_in_gb', 'net_out_gb', 'temperature_c', 'backup_success', 'scheduled_maintenance', 'avg_rack_temperature_c', 'power_usage_mw', 'network_latency_ms', 'support_tickets', 'capacity_used_pct', 'contract_months', 'tenure_days', 'monthly_spend_eur', 'day_of_week', 'day_of_month', 'days_since_start']
2026-07-02 14:11:03 | INFO | Categorical features (6): ['server_type', 'region', 'os_family', 'segment', 'country', 'support_plan']
2026-07-02 14:11:03 | INFO | Training baseline DummyClassifier(strategy='prior')
2026-07-02 14:11:03 | INFO | dummy_prior test metrics | AP=0.0120 ROC-AUC=0.5000 F1+=0.0000 Recall+=0.0000 Precision+=0.0000
2026-07-02 14:11:03 | INFO | Starting RandomizedSearchCV for logistic_regression
2026-07-02 14:11:07 | INFO | Finished logistic_regression in 3.4s
2026-07-02 14:11:07 | INFO | logistic_regression best CV average_precision: 0.0542
2026-07-02 14:11:07 | INFO | logistic_regression best params: {'model__C': np.float64(0.008263688714158009), 'model__penalty': 'l2'}
2026-07-02 14:11:07 | INFO | logistic_regression test metrics | AP=0.0244 ROC-AUC=0.6912 F1+=0.0394 Recall+=0.7368 Precision+=0.0202
2026-07-02 14:11:07 | INFO | Starting RandomizedSearchCV for random_forest
2026-07-02 14:11:08 | INFO | Finished random_forest in 1.7s
2026-07-02 14:11:08 | INFO | random_forest best CV average_precision: 0.3077
2026-07-02 14:11:08 | INFO | random_forest best params: {'model__max_depth': 14, 'model__max_features': 'sqrt', 'model__min_samples_leaf': 11, 'model__min_samples_split': 9, 'model__n_estimators': 338}
2026-07-02 14:11:09 | INFO | random_forest test metrics | AP=0.1353 ROC-AUC=0.7907 F1+=0.0376 Recall+=0.0211 Precision+=0.1739
2026-07-02 14:11:09 | INFO | Starting RandomizedSearchCV for extra_trees
2026-07-02 14:11:10 | INFO | Finished extra_trees in 1.2s
2026-07-02 14:11:10 | INFO | extra_trees best CV average_precision: 0.4436
2026-07-02 14:11:10 | INFO | extra_trees best params: {'model__max_depth': 18, 'model__max_features': 0.5, 'model__min_samples_leaf': 10, 'model__min_samples_split': 4, 'model__n_estimators': 364}
2026-07-02 14:11:10 | INFO | extra_trees test metrics | AP=0.1774 ROC-AUC=0.8216 F1+=0.3253 Recall+=0.6053 Precision+=0.2224
2026-07-02 14:11:10 | INFO | Starting RandomizedSearchCV for hist_gradient_boosting
2026-07-02 14:11:11 | INFO | Finished hist_gradient_boosting in 1.1s
2026-07-02 14:11:11 | INFO | hist_gradient_boosting best CV average_precision: 0.3558
2026-07-02 14:11:11 | INFO | hist_gradient_boosting best params: {'model__l2_regularization': np.float64(0.3745401188473625), 'model__learning_rate': np.float64(0.2133249073808361), 'model__max_iter': 186, 'model__max_leaf_nodes': 22, 'model__min_samples_leaf': 70}
2026-07-02 14:11:11 | INFO | hist_gradient_boosting test metrics | AP=0.1603 ROC-AUC=0.8342 F1+=0.2081 Recall+=0.1632 Precision+=0.2870
2026-07-02 14:11:11 | INFO | Benchmark ranking:
2026-07-02 14:11:11 | INFO | 
                 model  accuracy  precision_positive  recall_positive  f1_positive  roc_auc  average_precision  best_cv_average_precision  training_seconds                                                                                                                                                                      best_params
           extra_trees  0.969924            0.222437         0.605263     0.325318 0.821597           0.177387                   0.443642          1.184950                                   {'model__max_depth': 18, 'model__max_features': 0.5, 'model__min_samples_leaf': 10, 'model__min_samples_split': 4, 'model__n_estimators': 364}
hist_gradient_boosting  0.985120            0.287037         0.163158     0.208054 0.834248           0.160310                   0.355761          1.123472 {'model__l2_regularization': 0.3745401188473625, 'model__learning_rate': 0.2133249073808361, 'model__max_iter': 186, 'model__max_leaf_nodes': 22, 'model__min_samples_leaf': 70}
         random_forest  0.987074            0.173913         0.021053     0.037559 0.790736           0.135263                   0.307745          1.703508                                {'model__max_depth': 14, 'model__max_features': 'sqrt', 'model__min_samples_leaf': 11, 'model__min_samples_split': 9, 'model__n_estimators': 338}
   logistic_regression  0.569420            0.020234         0.736842     0.039387 0.691207           0.024415                   0.054214          3.388880                                                                                                                       {'model__C': 0.008263688714158009, 'model__penalty': 'l2'}
           dummy_prior  0.988020            0.000000         0.000000     0.000000 0.500000           0.011980                        NaN               NaN                                                                                                                                                                              NaN
2026-07-02 14:11:11 | INFO | Best model: extra_trees
2026-07-02 14:11:11 | INFO | Saved best model to experiments/part1_incident_prediction/runs/20260702_141103/best_incident_model.joblib
2026-07-02 14:11:11 | INFO | Incident prediction experiment finished
